<?xml version="1.0" encoding="utf-8"?><testsuites name="pytest tests"><testsuite name="pytest" errors="0" failures="0" skipped="0" tests="28" time="8.793" timestamp="2025-10-18T02:48:05.321107+02:00" hostname="ERROR"><testcase classname="scripts.tests.test_cosmo_fields" name="test_cosmo_fields_added" time="0.007" /><testcase classname="scripts.tests.test_cosmo_multibody" name="test_sigma_additive_mass" time="0.001" /><testcase classname="scripts.tests.test_cosmo_multibody" name="test_tau_monotonic_with_alpha" time="0.001" /><testcase classname="scripts.tests.test_cosmo_multibody" name="test_refractive_index_baseline" time="0.001" /><testcase classname="scripts.tests.test_data_fetch" name="test_gaia_smoke" time="0.170" /><testcase classname="scripts.tests.test_data_fetch" name="test_sdss_smoke" time="0.021" /><testcase classname="scripts.tests.test_data_fetch" name="test_planck_presence" time="0.004" /><testcase classname="scripts.tests.test_gaia_required_columns" name="test_harmonize_columns_preserves_required" time="0.012" /><testcase classname="scripts.tests.test_gaia_required_columns" name="test_harmonize_columns_rejects_missing_errors" time="0.002" /><testcase classname="scripts.tests.test_gaia_required_columns" name="test_harmonize_columns_soft_fills_missing_errors" time="0.012" /><testcase classname="scripts.tests.test_plot_ssz_maps" name="test_plot_mollweide_handles_nan" time="0.072" /><testcase classname="scripts.tests.test_plot_ssz_maps" name="test_plot_mollweide_derives_galactic" time="0.333" /><testcase classname="scripts.tests.test_segmenter" name="test_segments_cover_all_points" time="0.003" /><testcase classname="scripts.tests.test_segmenter" name="test_segment_counts_grow" time="0.007" /><testcase classname="scripts.tests.test_ssz_invariants" name="test_segment_growth_is_monotonic" time="0.012" /><testcase classname="scripts.tests.test_ssz_invariants" name="test_natural_boundary_positive" time="0.011" /><testcase classname="scripts.tests.test_ssz_invariants" name="test_manifest_exists" time="0.006" /><testcase classname="scripts.tests.test_ssz_invariants" name="test_spiral_index_bounds" time="0.011" /><testcase classname="scripts.tests.test_ssz_invariants" name="test_solar_segments_non_empty" time="0.006" /><testcase classname="scripts.tests.test_ssz_invariants" name="test_segment_density_positive" time="0.011" /><testcase classname="scripts.tests.test_ssz_kernel" name="test_gamma_bounds_and_monotonic" time="0.001" /><testcase classname="scripts.tests.test_ssz_kernel" name="test_redshift_mapping" time="0.001" /><testcase classname="scripts.tests.test_ssz_kernel" name="test_rotation_modifier" time="0.001" /><testcase classname="scripts.tests.test_ssz_kernel" name="test_lensing_proxy_positive" time="0.001" /><testcase classname="scripts.tests.test_utf8_encoding" name="test_utf8_environment" time="0.001" /><testcase classname="scripts.tests.test_utf8_encoding" name="test_stdout_encoding" time="0.001" /><testcase classname="scripts.tests.test_utf8_encoding" name="test_utf8_file_write_read" time="0.003" /><testcase classname="scripts.tests.test_utf8_encoding" name="test_json_utf8" time="0.004" /></testsuite></testsuites>