<testsuite name="segspace_final" tests="10" failures="0" skipped="4">\n  <testcase classname="segspace" name="T1_Nseg_algebra">\n  </testcase>\n  <testcase classname="segspace" name="T2_bound_energy_recon">\n  </testcase>\n  <testcase classname="segspace" name="T3_seg_fit_zero">\n  </testcase>\n  <testcase classname="segspace" name="T4_pred_Lab">\n    <skipped/>\n  </testcase>\n  <testcase classname="segspace" name="T4_pred_Lab/Geo">\n    <skipped/>\n  </testcase>\n  <testcase classname="segspace" name="T4_pred_Solar">\n    <skipped/>\n  </testcase>\n  <testcase classname="segspace" name="T4_pred_WhiteDwarf">\n    <skipped/>\n  </testcase>\n  <testcase classname="segspace" name="T4_pred_S-stars">\n  </testcase>\n  <testcase classname="segspace" name="T5_physicality">\n  </testcase>\n  <testcase classname="segspace" name="T6_compare_Sstars">\n  </testcase>\n</testsuite>